#
# A fatal error has been detected by the Java Runtime Environment:
#
#  EXCEPTION_ACCESS_VIOLATION (0xc0000005) at pc=0x0000000002e69a3a, pid=3368, tid=0x0000000000001328
#
# JRE version: Java(TM) SE Runtime Environment (8.0_101-b13) (build 1.8.0_101-b13)
# Java VM: Java HotSpot(TM) 64-Bit Server VM (25.101-b13 mixed mode windows-amd64 compressed oops)
# Problematic frame:
# J 1777 C1 java.util.HashMap.getNode(ILjava/lang/Object;)Ljava/util/HashMap$Node; (148 bytes) @ 0x0000000002e69a3a [0x0000000002e699a0+0x9a]
#
# Failed to write core dump. Minidumps are not enabled by default on client versions of Windows
#
# If you would like to submit a bug report, please visit:
#   http://bugreport.java.com/bugreport/crash.jsp
#

---------------  T H R E A D  ---------------

Current thread (0x00000000021dd800):  JavaThread "main" [_thread_in_Java, id=4904, stack(0x00000000023c0000,0x00000000024c0000)]

siginfo: ExceptionCode=0xc0000005, reading address 0x0000000000001a34

Registers:
RAX=0x000000004fadd246, RBX=0x00000000eba64288, RCX=0x000000001b583010, RDX=0x00000000c134d6f0
RSP=0x00000000024bdbd0, RBP=0x00000000024be9c8, RSI=0x0000000000001a28, RDI=0x0000000000000deb
R8 =0x000000004fad9deb, R9 =0x00000000eba64288, R10=0x00000000eba642a0, R11=0x0000000000000031
R12=0x0000000000000000, R13=0x00000000eba641c8, R14=0x00000000eba64318, R15=0x00000000021dd800
RIP=0x0000000002e69a3a, EFLAGS=0x0000000000010206

Top of Stack: (sp=0x00000000024bdbd0)
0x00000000024bdbd0:   0000000000000000 0000000000000000
0x00000000024bdbe0:   00000000eba641a0 000000000000001b
0x00000000024bdbf0:   00000000024be9c8 000000004fad9deb
0x00000000024bdc00:   00000000eba64288 0000000002a99eb0
0x00000000024bdc10:   00000000c0aeb220 0000000074377281
0x00000000024bdc20:   00000000024be9c8 0000000002aff2e4
0x00000000024bdc30:   00000000eba641b8 0007ffff00000000
0x00000000024bdc40:   00000000021dd800 00000000eba64318
0x00000000024bdc50:   00000000eba641c8 0000000000000000
0x00000000024bdc60:   00000000c0aeb250 00000000eba64088
0x00000000024bdc70:   00000000c00002b0 00000000eba64288
0x00000000024bdc80:   00000000eba64318 0000000000343988
0x00000000024bdc90:   00000000024bdcd0 00000000024bdcc0
0x00000000024bdca0:   00000000548ce548 00000000eba64288
0x00000000024bdcb0:   00000000eba64348 0000000000000001
0x00000000024bdcc0:   00000000c0000268 0000000000000206 

Instructions: (pc=0x0000000002e69a3a)
0x0000000002e69a1a:   00 ff ce 49 23 f0 48 63 fe 3b 72 0c 0f 83 ef 01
0x0000000002e69a2a:   00 00 8b 74 ba 10 48 83 fe 00 0f 84 54 01 00 00
0x0000000002e69a3a:   8b 56 0c 41 3b d0 0f 85 44 00 00 00 8b 56 10 49
0x0000000002e69a4a:   3b d1 0f 84 9e 01 00 00 49 83 f9 00 0f 84 2e 00 


Register to memory mapping:

RAX=0x000000004fadd246 is an unknown value
RBX=0x00000000eba64288 is an oop
java.lang.String 
 - klass: 'java/lang/String'
RCX=0x000000001b583010 is an unknown value
RDX=0x00000000c134d6f0 is an oop
[Ljava.util.HashMap$Node; 
 - klass: 'java/util/HashMap$Node'[]
 - length: 4096
RSP=0x00000000024bdbd0 is pointing into the stack for thread: 0x00000000021dd800
RBP=0x00000000024be9c8 is pointing into the stack for thread: 0x00000000021dd800
RSI=0x0000000000001a28 is an unknown value
RDI=0x0000000000000deb is an unknown value
R8 =0x000000004fad9deb is an unknown value
R9 =0x00000000eba64288 is an oop
java.lang.String 
 - klass: 'java/lang/String'
R10=0x00000000eba642a0 is an oop
[C 
 - klass: {type array char}
 - length: 49
R11=0x0000000000000031 is an unknown value
R12=0x0000000000000000 is an unknown value
R13=0x00000000eba641c8 is an oop

[error occurred during error reporting (printing register info), id 0xc0000005]

Stack: [0x00000000023c0000,0x00000000024c0000],  sp=0x00000000024bdbd0,  free space=1014k
Native frames: (J=compiled Java code, j=interpreted, Vv=VM code, C=native code)
C  0x0000000002e69a3a


---------------  P R O C E S S  ---------------

Java Threads: ( => current thread )
  0x00000000564ad000 JavaThread "pool-1-thread-4" [_thread_in_Java, id=3460, stack(0x0000000056df0000,0x0000000056ef0000)]
  0x00000000564ac000 JavaThread "pool-1-thread-3" [_thread_blocked, id=228, stack(0x0000000056bd0000,0x0000000056cd0000)]
  0x00000000563cf800 JavaThread "pool-1-thread-2" [_thread_blocked, id=3528, stack(0x0000000056a00000,0x0000000056b00000)]
  0x00000000563ce800 JavaThread "pool-2-thread-1" [_thread_blocked, id=4308, stack(0x00000000568d0000,0x00000000569d0000)]
  0x00000000563c6800 JavaThread "pool-1-thread-1" [_thread_blocked, id=2704, stack(0x00000000560b0000,0x00000000561b0000)]
  0x0000000054e28000 JavaThread "Service Thread" daemon [_thread_blocked, id=4468, stack(0x00000000561c0000,0x00000000562c0000)]
  0x0000000054e1c000 JavaThread "C1 CompilerThread1" daemon [_thread_blocked, id=4116, stack(0x0000000055df0000,0x0000000055ef0000)]
  0x0000000054e18000 JavaThread "C2 CompilerThread0" daemon [_thread_blocked, id=4964, stack(0x0000000055f40000,0x0000000056040000)]
  0x0000000054e16000 JavaThread "Attach Listener" daemon [_thread_blocked, id=4900, stack(0x0000000055cc0000,0x0000000055dc0000)]
  0x0000000054e15000 JavaThread "Signal Dispatcher" daemon [_thread_blocked, id=1792, stack(0x0000000055af0000,0x0000000055bf0000)]
  0x0000000054dfe800 JavaThread "Finalizer" daemon [_thread_blocked, id=3636, stack(0x0000000055980000,0x0000000055a80000)]
  0x0000000054db4800 JavaThread "Reference Handler" daemon [_thread_blocked, id=3992, stack(0x0000000055880000,0x0000000055980000)]
=>0x00000000021dd800 JavaThread "main" [_thread_in_Java, id=4904, stack(0x00000000023c0000,0x00000000024c0000)]

Other Threads:
  0x0000000054dac800 VMThread [stack: 0x0000000055710000,0x0000000055810000] [id=360]
  0x00000000562d3000 WatcherThread [stack: 0x00000000567a0000,0x00000000568a0000] [id=3032]

VM state:not at safepoint (normal execution)

VM Mutex/Monitor currently owned by a thread: None

Heap:
 PSYoungGen      total 141312K, used 18422K [0x00000000eab00000, 0x00000000f9c00000, 0x0000000100000000)
  eden space 128000K, 12% used [0x00000000eab00000,0x00000000eba867f8,0x00000000f2800000)
  from space 13312K, 18% used [0x00000000f2800000,0x00000000f2a77200,0x00000000f3500000)
  to   space 20992K, 0% used [0x00000000f8780000,0x00000000f8780000,0x00000000f9c00000)
 ParOldGen       total 77824K, used 44007K [0x00000000c0000000, 0x00000000c4c00000, 0x00000000eab00000)
  object space 77824K, 56% used [0x00000000c0000000,0x00000000c2af9e58,0x00000000c4c00000)
 Metaspace       used 6229K, capacity 7152K, committed 7296K, reserved 1056768K
  class space    used 586K, capacity 616K, committed 640K, reserved 1048576K

Card table byte_map: [0x0000000011b50000,0x0000000011d60000] byte_map_base: 0x0000000011550000

Marking Bits: (ParMarkBitMap*) 0x0000000074b1a6d0
 Begin Bits: [0x0000000012280000, 0x0000000013280000)
 End Bits:   [0x0000000013280000, 0x0000000014280000)

Polling page: 0x0000000001c60000

CodeCache: size=245760Kb used=9227Kb max_used=9269Kb free=236532Kb
 bounds [0x0000000002790000, 0x00000000030b0000, 0x0000000011790000]
 total_blobs=2304 nmethods=2043 adapters=175
 compilation: enabled

Compilation events (10 events):
Event: 21.267 Thread 0x0000000054e1c000 nmethod 2189 0x00000000030853d0 code [0x0000000003085880, 0x0000000003089358]
Event: 21.622 Thread 0x0000000054e18000 nmethod 2153 0x00000000030932d0 code [0x0000000003093c20, 0x000000000309b2e0]
Event: 21.623 Thread 0x0000000054e18000 2186       4       com.android.dx.ssa.Dominators::run (506 bytes)
Event: 21.685 Thread 0x0000000054e18000 nmethod 2186 0x000000000308c0d0 code [0x000000000308c360, 0x000000000308dd50]
Event: 21.685 Thread 0x0000000054e18000 2187       4       com.android.dx.ssa.Dominators::eval (29 bytes)
Event: 21.686 Thread 0x0000000054e18000 nmethod 2187 0x0000000003057d90 code [0x0000000003057ee0, 0x0000000003057fc8]
Event: 21.686 Thread 0x0000000054e18000 2134       4       com.android.dx.rop.type.Prototype::<init> (67 bytes)
Event: 21.687 Thread 0x0000000054e18000 nmethod 2134 0x0000000003057ad0 code [0x0000000003057c00, 0x0000000003057cd8]
Event: 21.687 Thread 0x0000000054e18000 2161       4       com.android.dx.rop.code.InsnList::forEach (28 bytes)
Event: 21.689 Thread 0x0000000054e18000 nmethod 2161 0x00000000028a0f50 code [0x00000000028a10a0, 0x00000000028a11f8]

GC Heap History (10 events):
Event: 12.170 GC heap before
{Heap before GC invocations=6 (full 0):
 PSYoungGen      total 35328K, used 35318K [0x00000000eab00000, 0x00000000ef800000, 0x0000000100000000)
  eden space 32768K, 100% used [0x00000000eab00000,0x00000000ecb00000,0x00000000ecb00000)
  from space 2560K, 99% used [0x00000000ecb00000,0x00000000ecd7d998,0x00000000ecd80000)
  to   space 6656K, 0% used [0x00000000ef180000,0x00000000ef180000,0x00000000ef800000)
 ParOldGen       total 44032K, used 13251K [0x00000000c0000000, 0x00000000c2b00000, 0x00000000eab00000)
  object space 44032K, 30% used [0x00000000c0000000,0x00000000c0cf0da8,0x00000000c2b00000)
 Metaspace       used 6172K, capacity 7152K, committed 7296K, reserved 1056768K
  class space    used 586K, capacity 616K, committed 640K, reserved 1048576K
Event: 12.361 GC heap after
Heap after GC invocations=6 (full 0):
 PSYoungGen      total 72192K, used 5626K [0x00000000eab00000, 0x00000000ef800000, 0x0000000100000000)
  eden space 65536K, 0% used [0x00000000eab00000,0x00000000eab00000,0x00000000eeb00000)
  from space 6656K, 84% used [0x00000000ef180000,0x00000000ef6fe828,0x00000000ef800000)
  to   space 6656K, 0% used [0x00000000eeb00000,0x00000000eeb00000,0x00000000ef180000)
 ParOldGen       total 44032K, used 13251K [0x00000000c0000000, 0x00000000c2b00000, 0x00000000eab00000)
  object space 44032K, 30% used [0x00000000c0000000,0x00000000c0cf0da8,0x00000000c2b00000)
 Metaspace       used 6172K, capacity 7152K, committed 7296K, reserved 1056768K
  class space    used 586K, capacity 616K, committed 640K, reserved 1048576K
}
Event: 15.132 GC heap before
{Heap before GC invocations=7 (full 0):
 PSYoungGen      total 72192K, used 71162K [0x00000000eab00000, 0x00000000ef800000, 0x0000000100000000)
  eden space 65536K, 100% used [0x00000000eab00000,0x00000000eeb00000,0x00000000eeb00000)
  from space 6656K, 84% used [0x00000000ef180000,0x00000000ef6fe828,0x00000000ef800000)
  to   space 6656K, 0% used [0x00000000eeb00000,0x00000000eeb00000,0x00000000ef180000)
 ParOldGen       total 44032K, used 13251K [0x00000000c0000000, 0x00000000c2b00000, 0x00000000eab00000)
  object space 44032K, 30% used [0x00000000c0000000,0x00000000c0cf0da8,0x00000000c2b00000)
 Metaspace       used 6214K, capacity 7152K, committed 7296K, reserved 1056768K
  class space    used 586K, capacity 616K, committed 640K, reserved 1048576K
Event: 15.172 GC heap after
Heap after GC invocations=7 (full 0):
 PSYoungGen      total 72192K, used 6640K [0x00000000eab00000, 0x00000000f3f00000, 0x0000000100000000)
  eden space 65536K, 0% used [0x00000000eab00000,0x00000000eab00000,0x00000000eeb00000)
  from space 6656K, 99% used [0x00000000eeb00000,0x00000000ef17c020,0x00000000ef180000)
  to   space 10240K, 0% used [0x00000000f3500000,0x00000000f3500000,0x00000000f3f00000)
 ParOldGen       total 44032K, used 19580K [0x00000000c0000000, 0x00000000c2b00000, 0x00000000eab00000)
  object space 44032K, 44% used [0x00000000c0000000,0x00000000c131f048,0x00000000c2b00000)
 Metaspace       used 6214K, capacity 7152K, committed 7296K, reserved 1056768K
  class space    used 586K, capacity 616K, committed 640K, reserved 1048576K
}
Event: 17.065 GC heap before
{Heap before GC invocations=8 (full 0):
 PSYoungGen      total 72192K, used 72176K [0x00000000eab00000, 0x00000000f3f00000, 0x0000000100000000)
  eden space 65536K, 100% used [0x00000000eab00000,0x00000000eeb00000,0x00000000eeb00000)
  from space 6656K, 99% used [0x00000000eeb00000,0x00000000ef17c020,0x00000000ef180000)
  to   space 10240K, 0% used [0x00000000f3500000,0x00000000f3500000,0x00000000f3f00000)
 ParOldGen       total 44032K, used 19580K [0x00000000c0000000, 0x00000000c2b00000, 0x00000000eab00000)
  object space 44032K, 44% used [0x00000000c0000000,0x00000000c131f048,0x00000000c2b00000)
 Metaspace       used 6217K, capacity 7152K, committed 7296K, reserved 1056768K
  class space    used 586K, capacity 616K, committed 640K, reserved 1048576K
Event: 17.200 GC heap after
Heap after GC invocations=8 (full 0):
 PSYoungGen      total 138240K, used 10226K [0x00000000eab00000, 0x00000000f4500000, 0x0000000100000000)
  eden space 128000K, 0% used [0x00000000eab00000,0x00000000eab00000,0x00000000f2800000)
  from space 10240K, 99% used [0x00000000f3500000,0x00000000f3efca50,0x00000000f3f00000)
  to   space 13312K, 0% used [0x00000000f2800000,0x00000000f2800000,0x00000000f3500000)
 ParOldGen       total 44032K, used 23825K [0x00000000c0000000, 0x00000000c2b00000, 0x00000000eab00000)
  object space 44032K, 54% used [0x00000000c0000000,0x00000000c1744670,0x00000000c2b00000)
 Metaspace       used 6217K, capacity 7152K, committed 7296K, reserved 1056768K
  class space    used 586K, capacity 616K, committed 640K, reserved 1048576K
}
Event: 19.741 GC heap before
{Heap before GC invocations=9 (full 0):
 PSYoungGen      total 138240K, used 138226K [0x00000000eab00000, 0x00000000f4500000, 0x0000000100000000)
  eden space 128000K, 100% used [0x00000000eab00000,0x00000000f2800000,0x00000000f2800000)
  from space 10240K, 99% used [0x00000000f3500000,0x00000000f3efca50,0x00000000f3f00000)
  to   space 13312K, 0% used [0x00000000f2800000,0x00000000f2800000,0x00000000f3500000)
 ParOldGen       total 44032K, used 23825K [0x00000000c0000000, 0x00000000c2b00000, 0x00000000eab00000)
  object space 44032K, 54% used [0x00000000c0000000,0x00000000c1744670,0x00000000c2b00000)
 Metaspace       used 6229K, capacity 7152K, committed 7296K, reserved 1056768K
  class space    used 586K, capacity 616K, committed 640K, reserved 1048576K
Event: 19.875 GC heap after
Heap after GC invocations=9 (full 0):
 PSYoungGen      total 141312K, used 13310K [0x00000000eab00000, 0x00000000f9c00000, 0x0000000100000000)
  eden space 128000K, 0% used [0x00000000eab00000,0x00000000eab00000,0x00000000f2800000)
  from space 13312K, 99% used [0x00000000f2800000,0x00000000f34ffbe0,0x00000000f3500000)
  to   space 20992K, 0% used [0x00000000f8780000,0x00000000f8780000,0x00000000f9c00000)
 ParOldGen       total 44032K, used 37652K [0x00000000c0000000, 0x00000000c2b00000, 0x00000000eab00000)
  object space 44032K, 85% used [0x00000000c0000000,0x00000000c24c5020,0x00000000c2b00000)
 Metaspace       used 6229K, capacity 7152K, committed 7296K, reserved 1056768K
  class space    used 586K, capacity 616K, committed 640K, reserved 1048576K
}
Event: 19.875 GC heap before
{Heap before GC invocations=10 (full 1):
 PSYoungGen      total 141312K, used 13310K [0x00000000eab00000, 0x00000000f9c00000, 0x0000000100000000)
  eden space 128000K, 0% used [0x00000000eab00000,0x00000000eab00000,0x00000000f2800000)
  from space 13312K, 99% used [0x00000000f2800000,0x00000000f34ffbe0,0x00000000f3500000)
  to   space 20992K, 0% used [0x00000000f8780000,0x00000000f8780000,0x00000000f9c00000)
 ParOldGen       total 44032K, used 37652K [0x00000000c0000000, 0x00000000c2b00000, 0x00000000eab00000)
  object space 44032K, 85% used [0x00000000c0000000,0x00000000c24c5020,0x00000000c2b00000)
 Metaspace       used 6229K, capacity 7152K, committed 7296K, reserved 1056768K
  class space    used 586K, capacity 616K, committed 640K, reserved 1048576K
Event: 21.032 GC heap after
Heap after GC invocations=10 (full 1):
 PSYoungGen      total 141312K, used 2524K [0x00000000eab00000, 0x00000000f9c00000, 0x0000000100000000)
  eden space 128000K, 0% used [0x00000000eab00000,0x00000000eab00000,0x00000000f2800000)
  from space 13312K, 18% used [0x00000000f2800000,0x00000000f2a77200,0x00000000f3500000)
  to   space 20992K, 0% used [0x00000000f8780000,0x00000000f8780000,0x00000000f9c00000)
 ParOldGen       total 77824K, used 44007K [0x00000000c0000000, 0x00000000c4c00000, 0x00000000eab00000)
  object space 77824K, 56% used [0x00000000c0000000,0x00000000c2af9e58,0x00000000c4c00000)
 Metaspace       used 6229K, capacity 7152K, committed 7296K, reserved 1056768K
  class space    used 586K, capacity 616K, committed 640K, reserved 1048576K
}

Deoptimization events (10 events):
Event: 11.005 Thread 0x00000000564ac000 Uncommon trap: reason=class_check action=maybe_recompile pc=0x0000000002c74d94 method=com.android.dx.dex.cf.CfTranslator.coerceConstant(Lcom/android/dx/rop/cst/TypedConstant;Lcom/android/dx/rop/type/Type;)Lcom/android/dx/rop/cst/TypedConstant; @ 1
Event: 11.005 Thread 0x00000000564ac000 Uncommon trap: reason=class_check action=maybe_recompile pc=0x0000000002c74d94 method=com.android.dx.dex.cf.CfTranslator.coerceConstant(Lcom/android/dx/rop/cst/TypedConstant;Lcom/android/dx/rop/type/Type;)Lcom/android/dx/rop/cst/TypedConstant; @ 1
Event: 11.608 Thread 0x00000000564ac000 Uncommon trap: reason=bimorphic action=maybe_recompile pc=0x0000000002dbec3c method=java.util.HashMap.getNode(ILjava/lang/Object;)Ljava/util/HashMap$Node; @ 126
Event: 11.609 Thread 0x00000000564ac000 Uncommon trap: reason=bimorphic action=maybe_recompile pc=0x0000000002a0ca80 method=java.util.HashMap.getNode(ILjava/lang/Object;)Ljava/util/HashMap$Node; @ 126
Event: 14.997 Thread 0x00000000563cf800 Uncommon trap: reason=unstable_if action=reinterpret pc=0x0000000002e67ff0 method=com.android.dx.ssa.MoveParamCombiner$1.visitNonMoveInsn(Lcom/android/dx/ssa/NormalSsaInsn;)V @ 27
Event: 15.011 Thread 0x00000000021dd800 Uncommon trap: reason=unloaded action=reinterpret pc=0x0000000002f42534 method=com.android.dx.cf.cst.ConstantPoolParser.parse0(ILjava/util/BitSet;)Lcom/android/dx/rop/cst/Constant; @ 198
Event: 15.189 Thread 0x00000000563cf800 Uncommon trap: reason=uninitialized action=reinterpret pc=0x0000000002ef37c0 method=com.android.dx.cf.code.BytecodeArray.parseInstruction(ILcom/android/dx/cf/code/BytecodeArray$Visitor;)I @ 1015
Event: 15.204 Thread 0x00000000563cf800 Uncommon trap: reason=unstable_if action=reinterpret pc=0x0000000002e5d1bc method=com.android.dx.ssa.SCCP.simulateStmt(Lcom/android/dx/ssa/SsaInsn;)V @ 59
Event: 18.816 Thread 0x00000000564ad000 Uncommon trap: reason=unstable_if action=reinterpret pc=0x000000000303db8c method=com.android.dx.cf.code.ByteCatchList$Item.getExceptionClass()Lcom/android/dx/rop/cst/CstType; @ 4
Event: 18.909 Thread 0x00000000564ad000 Uncommon trap: reason=unstable_if action=reinterpret pc=0x0000000002fa5c50 method=com.android.dx.ssa.SCCP.simulateBranch(Lcom/android/dx/ssa/SsaInsn;)V @ 64

Internal exceptions (3 events):
Event: 0.137 Thread 0x00000000021dd800 Exception <a 'java/lang/NoSuchMethodError': Method sun.misc.Unsafe.defineClass(Ljava/lang/String;[BII)Ljava/lang/Class; name or signature does not match> (0x00000000eab07cc0) thrown at [C:\re\workspace\8-2-build-windows-amd64-cygwin\jdk8u101\7261\hotspot\sTWº⁄Fá¡?
Event: 0.137 Thread 0x00000000021dd800 Exception <a 'java/lang/NoSuchMethodError': Method sun.misc.Unsafe.prefetchRead(Ljava/lang/Object;J)V name or signature does not match> (0x00000000eab07fa8) thrown at [C:\re\workspace\8-2-build-windows-amd64-cygwin\jdk8u101\7261\hotspot\src\share\vm\prims\^ÅN0.h"@
Event: 9.203 Thread 0x00000000563c6800 Implicit null exception at 0x0000000002b1e112 to 0x0000000002b1e1c1

Events (10 events):
Event: 21.685 Thread 0x0000000054e18000 flushing nmethod 0x00000000028a6390
Event: 21.685 Thread 0x0000000054e18000 flushing nmethod 0x00000000028a7390
Event: 21.685 Thread 0x0000000054e18000 flushing nmethod 0x00000000028afd10
Event: 21.685 Thread 0x0000000054e18000 flushing nmethod 0x00000000028b2c90
Event: 21.685 Thread 0x0000000054e18000 flushing nmethod 0x00000000028b49d0
Event: 21.685 Thread 0x0000000054e18000 flushing nmethod 0x00000000028bbd10
Event: 21.685 Thread 0x0000000054e18000 flushing nmethod 0x00000000028cdbd0
Event: 21.685 Thread 0x0000000054e18000 flushing nmethod 0x00000000028cdf90
Event: 21.686 Thread 0x0000000054e18000 flushing nmethod 0x00000000028f48d0
Event: 21.686 Thread 0x0000000054e18000 flushing nmethod 0x00000000029092d0


Dynamic libraries:
0x000000013f870000 - 0x000000013f8a7000 	C:\Program Files\Java\jdk1.8.0_101\bin\java.exe
0x0000000077730000 - 0x00000000778d9000 	C:\Windows\SYSTEM32\ntdll.dll
0x0000000077510000 - 0x000000007762f000 	C:\Windows\system32\kernel32.dll
0x000007fefd9e0000 - 0x000007fefda4b000 	C:\Windows\system32\KERNELBASE.dll
0x000007fefe220000 - 0x000007fefe2fb000 	C:\Windows\system32\ADVAPI32.dll
0x000007fefda60000 - 0x000007fefdaff000 	C:\Windows\system32\msvcrt.dll
0x000007fefe0d0000 - 0x000007fefe0ef000 	C:\Windows\SYSTEM32\sechost.dll
0x000007fefe0f0000 - 0x000007fefe21d000 	C:\Windows\system32\RPCRT4.dll
0x0000000077630000 - 0x000000007772a000 	C:\Windows\system32\USER32.dll
0x000007fefe6f0000 - 0x000007fefe757000 	C:\Windows\system32\GDI32.dll
0x000007fefe6e0000 - 0x000007fefe6ee000 	C:\Windows\system32\LPK.dll
0x000007fefdee0000 - 0x000007fefdfa9000 	C:\Windows\system32\USP10.dll
0x000007fefbd40000 - 0x000007fefbf34000 	C:\Windows\WinSxS\amd64_microsoft.windows.common-controls_6595b64144ccf1df_6.0.7601.17514_none_fa396087175ac9ac\COMCTL32.dll
0x000007fefe560000 - 0x000007fefe5d1000 	C:\Windows\system32\SHLWAPI.dll
0x000007feffa10000 - 0x000007feffa3e000 	C:\Windows\system32\IMM32.DLL
0x000007fefe450000 - 0x000007fefe559000 	C:\Windows\system32\MSCTF.dll
0x0000000074220000 - 0x00000000742f2000 	C:\Program Files\Java\jdk1.8.0_101\jre\bin\msvcr100.dll
0x0000000074300000 - 0x0000000074b9a000 	C:\Program Files\Java\jdk1.8.0_101\jre\bin\server\jvm.dll
0x000007fef1570000 - 0x000007fef1579000 	C:\Windows\system32\WSOCK32.dll
0x000007fefde90000 - 0x000007fefdedd000 	C:\Windows\system32\WS2_32.dll
0x000007fefda50000 - 0x000007fefda58000 	C:\Windows\system32\NSI.dll
0x000007fefb090000 - 0x000007fefb0cb000 	C:\Windows\system32\WINMM.dll
0x000007fefc800000 - 0x000007fefc80c000 	C:\Windows\system32\VERSION.dll
0x0000000077900000 - 0x0000000077907000 	C:\Windows\system32\PSAPI.DLL
0x0000000074bd0000 - 0x0000000074bdf000 	C:\Program Files\Java\jdk1.8.0_101\jre\bin\verify.dll
0x00000000741f0000 - 0x0000000074219000 	C:\Program Files\Java\jdk1.8.0_101\jre\bin\java.dll
0x00000000741d0000 - 0x00000000741e6000 	C:\Program Files\Java\jdk1.8.0_101\jre\bin\zip.dll
0x000007fefe760000 - 0x000007feff4e8000 	C:\Windows\system32\SHELL32.dll
0x000007fefdb00000 - 0x000007fefdd03000 	C:\Windows\system32\ole32.dll
0x000007fefd680000 - 0x000007fefd68f000 	C:\Windows\system32\profapi.dll
0x000007fef7230000 - 0x000007fef7355000 	C:\Windows\system32\dbghelp.dll

VM Arguments:
jvm_args: -Djava.awt.headless=true -Xmx1024M -Dfile.encoding=windows-1252 -Duser.country=US -Duser.language=en -Duser.variant 
java_command: com.android.dx.command.Main --dex --num-threads=4 --output D:\Amol\AmolWorkspace\Billing\app\build\intermediates\pre-dexed\debug\debug_e408342cceee4125c590d3485f5b729cc4b284d2.jar D:\Amol\AmolWorkspace\Billing\app\build\intermediates\classes\debug
java_class_path (initial): D:\android\sdk\build-tools\23.0.3\lib\dx.jar
Launcher Type: SUN_STANDARD

Environment Variables:
PATH=C:\ProgramData\Oracle\Java\javapath;C:\Windows\system32;C:\Windows;C:\Windows\System32\Wbem;C:\Windows\System32\WindowsPowerShell\v1.0\
USERNAME=tsysinfo
OS=Windows_NT
PROCESSOR_IDENTIFIER=Intel64 Family 6 Model 23 Stepping 10, GenuineIntel



---------------  S Y S T E M  ---------------

OS: Windows 7 , 64 bit Build 7601 (6.1.7601.17514)

CPU:total 2 (2 cores per cpu, 1 threads per core) family 6 model 23 stepping 10, cmov, cx8, fxsr, mmx, sse, sse2, sse3, ssse3, tsc

Memory: 4k page, physical 4154928k(1152920k free), swap 8308012k(3961872k free)

vm_info: Java HotSpot(TM) 64-Bit Server VM (25.101-b13) for windows-amd64 JRE (1.8.0_101-b13), built on Jun 22 2016 01:21:29 by "java_re" with MS VC++ 10.0 (VS2010)

time: Thu Nov 03 15:41:08 2016
elapsed time: 21 seconds (0d 0h 0m 21s)

